[2019-09-11 09:23:02] local.ERROR: syntax error, unexpected '', function () {' (T_CONSTANT_ENCAPSED_STRING) {"exception":"[object] (Symfony\\Component\\Debug\\Exception\\FatalThrowableError(code: 0): syntax error, unexpected '', function () {' (T_CONSTANT_ENCAPSED_STRING) at D:\\laragon\\www\\EPOINT\outes\\web.php:19)
[stacktrace]
#0 D:\\laragon\\www\\EPOINT\\vendor\\laravel\\framework\\src\\Illuminate\\Routing\\Router.php(356): Illuminate\\Routing\\Router->loadRoutes('D:\\\\laragon\\\\www\\\\...')
#1 D:\\laragon\\www\\EPOINT\\vendor\\laravel\\framework\\src\\Illuminate\\Routing\\RouteRegistrar.php(120): Illuminate\\Routing\\Router->group(Array, 'D:\\\\laragon\\\\www\\\\...')
#2 D:\\laragon\\www\\EPOINT\\app\\Providers\\RouteServiceProvider.php(56): Illuminate\\Routing\\RouteRegistrar->group('D:\\\\laragon\\\\www\\\\...')
#3 D:\\laragon\\www\\EPOINT\\app\\Providers\\RouteServiceProvider.php(40): App\\Providers\\RouteServiceProvider->mapWebRoutes()
#4 [internal function]: App\\Providers\\RouteServiceProvider->map()
#5 D:\\laragon\\www\\EPOINT\\vendor\\laravel\\framework\\src\\Illuminate\\Container\\BoundMethod.php(29): call_user_func_array(Array, Array)
#6 D:\\laragon\\www\\EPOINT\\vendor\\laravel\\framework\\src\\Illuminate\\Container\\BoundMethod.php(87): Illuminate\\Container\\BoundMethod::Illuminate\\Container\\{closure}()
#7 D:\\laragon\\www\\EPOINT\\vendor\\laravel\\framework\\src\\Illuminate\\Container\\BoundMethod.php(31): Illuminate\\Container\\BoundMethod::callBoundMethod(Object(Illuminate\\Foundation\\Application), Array, Object(Closure))
#8 D:\\laragon\\www\\EPOINT\\vendor\\laravel\\framework\\src\\Illuminate\\Container\\Container.php(564): Illuminate\\Container\\BoundMethod::call(Object(Illuminate\\Foundation\\Application), Array, Array, NULL)
#9 D:\\laragon\\www\\EPOINT\\vendor\\laravel\\framework\\src\\Illuminate\\Foundation\\Support\\Providers\\RouteServiceProvider.php(74): Illuminate\\Container\\Container->call(Array)
#10 D:\\laragon\\www\\EPOINT\\vendor\\laravel\\framework\\src\\Illuminate\\Foundation\\Support\\Providers\\RouteServiceProvider.php(33): Illuminate\\Foundation\\Support\\Providers\\RouteServiceProvider->loadRoutes()
#11 D:\\laragon\\www\\EPOINT\\app\\Providers\\RouteServiceProvider.php(28): Illuminate\\Foundation\\Support\\Providers\\RouteServiceProvider->boot()
#12 [internal function]: App\\Providers\\RouteServiceProvider->boot()
#13 D:\\laragon\\www\\EPOINT\\vendor\\laravel\\framework\\src\\Illuminate\\Container\\BoundMethod.php(29): call_user_func_array(Array, Array)
#14 D:\\laragon\\www\\EPOINT\\vendor\\laravel\\framework\\src\\Illuminate\\Container\\BoundMethod.php(87): Illuminate\\Container\\BoundMethod::Illuminate\\Container\\{closure}()
#15 D:\\laragon\\www\\EPOINT\\vendor\\laravel\\framework\\src\\Illuminate\\Container\\BoundMethod.php(31): Illuminate\\Container\\BoundMethod::callBoundMethod(Object(Illuminate\\Foundation\\Application), Array, Object(Closure))
#16 D:\\laragon\\www\\EPOINT\\vendor\\laravel\\framework\\src\\Illuminate\\Container\\Container.php(564): Illuminate\\Container\\BoundMethod::call(Object(Illuminate\\Foundation\\Application), Array, Array, NULL)
#17 D:\\laragon\\www\\EPOINT\\vendor\\laravel\\framework\\src\\Illuminate\\Foundation\\Application.php(794): Illuminate\\Container\\Container->call(Array)
#18 D:\\laragon\\www\\EPOINT\\vendor\\laravel\\framework\\src\\Illuminate\\Foundation\\Application.php(777): Illuminate\\Foundation\\Application->bootProvider(Object(App\\Providers\\RouteServiceProvider))
#19 [internal function]: Illuminate\\Foundation\\Application->Illuminate\\Foundation\\{closure}(Object(App\\Providers\\RouteServiceProvider), 18)
#20 D:\\laragon\\www\\EPOINT\\vendor\\laravel\\framework\\src\\Illuminate\\Foundation\\Application.php(778): array_walk(Array, Object(Closure))
#21 D:\\laragon\\www\\EPOINT\\vendor\\laravel\\framework\\src\\Illuminate\\Foundation\\Bootstrap\\BootProviders.php(17): Illuminate\\Foundation\\Application->boot()
#22 D:\\laragon\\www\\EPOINT\\vendor\\laravel\\framework\\src\\Illuminate\\Foundation\\Application.php(206): Illuminate\\Foundation\\Bootstrap\\BootProviders->bootstrap(Object(Illuminate\\Foundation\\Application))
#23 D:\\laragon\\www\\EPOINT\\vendor\\laravel\\framework\\src\\Illuminate\\Foundation\\Http\\Kernel.php(162): Illuminate\\Foundation\\Application->bootstrapWith(Array)
#24 D:\\laragon\\www\\EPOINT\\vendor\\laravel\\framework\\src\\Illuminate\\Foundation\\Http\\Kernel.php(146): Illuminate\\Foundation\\Http\\Kernel->bootstrap()
#25 D:\\laragon\\www\\EPOINT\\vendor\\laravel\\framework\\src\\Illuminate\\Foundation\\Http\\Kernel.php(116): Illuminate\\Foundation\\Http\\Kernel->sendRequestThroughRouter(Object(Illuminate\\Http\\Request))
#26 D:\\laragon\\www\\EPOINT\\public\\index.php(55): Illuminate\\Foundation\\Http\\Kernel->handle(Object(Illuminate\\Http\\Request))
#27 {main}
"} 
[2019-09-11 09:24:11] local.ERROR: syntax error, unexpected '', function () {' (T_ENCAPSED_AND_WHITESPACE) {"exception":"[object] (Symfony\\Component\\Debug\\Exception\\FatalThrowableError(code: 0): syntax error, unexpected '', function () {' (T_ENCAPSED_AND_WHITESPACE) at D:\\laragon\\www\\EPOINT\outes\\web.php:20)
[stacktrace]
#0 D:\\laragon\\www\\EPOINT\\vendor\\laravel\\framework\\src\\Illuminate\\Routing\\Router.php(356): Illuminate\\Routing\\Router->loadRoutes('D:\\\\laragon\\\\www\\\\...')
#1 D:\\laragon\\www\\EPOINT\\vendor\\laravel\\framework\\src\\Illuminate\\Routing\\RouteRegistrar.php(120): Illuminate\\Routing\\Router->group(Array, 'D:\\\\laragon\\\\www\\\\...')
#2 D:\\laragon\\www\\EPOINT\\app\\Providers\\RouteServiceProvider.php(56): Illuminate\\Routing\\RouteRegistrar->group('D:\\\\laragon\\\\www\\\\...')
#3 D:\\laragon\\www\\EPOINT\\app\\Providers\\RouteServiceProvider.php(40): App\\Providers\\RouteServiceProvider->mapWebRoutes()
#4 [internal function]: App\\Providers\\RouteServiceProvider->map()
#5 D:\\laragon\\www\\EPOINT\\vendor\\laravel\\framework\\src\\Illuminate\\Container\\BoundMethod.php(29): call_user_func_array(Array, Array)
#6 D:\\laragon\\www\\EPOINT\\vendor\\laravel\\framework\\src\\Illuminate\\Container\\BoundMethod.php(87): Illuminate\\Container\\BoundMethod::Illuminate\\Container\\{closure}()
#7 D:\\laragon\\www\\EPOINT\\vendor\\laravel\\framework\\src\\Illuminate\\Container\\BoundMethod.php(31): Illuminate\\Container\\BoundMethod::callBoundMethod(Object(Illuminate\\Foundation\\Application), Array, Object(Closure))
#8 D:\\laragon\\www\\EPOINT\\vendor\\laravel\\framework\\src\\Illuminate\\Container\\Container.php(564): Illuminate\\Container\\BoundMethod::call(Object(Illuminate\\Foundation\\Application), Array, Array, NULL)
#9 D:\\laragon\\www\\EPOINT\\vendor\\laravel\\framework\\src\\Illuminate\\Foundation\\Support\\Providers\\RouteServiceProvider.php(74): Illuminate\\Container\\Container->call(Array)
#10 D:\\laragon\\www\\EPOINT\\vendor\\laravel\\framework\\src\\Illuminate\\Foundation\\Support\\Providers\\RouteServiceProvider.php(33): Illuminate\\Foundation\\Support\\Providers\\RouteServiceProvider->loadRoutes()
#11 D:\\laragon\\www\\EPOINT\\app\\Providers\\RouteServiceProvider.php(28): Illuminate\\Foundation\\Support\\Providers\\RouteServiceProvider->boot()
#12 [internal function]: App\\Providers\\RouteServiceProvider->boot()
#13 D:\\laragon\\www\\EPOINT\\vendor\\laravel\\framework\\src\\Illuminate\\Container\\BoundMethod.php(29): call_user_func_array(Array, Array)
#14 D:\\laragon\\www\\EPOINT\\vendor\\laravel\\framework\\src\\Illuminate\\Container\\BoundMethod.php(87): Illuminate\\Container\\BoundMethod::Illuminate\\Container\\{closure}()
#15 D:\\laragon\\www\\EPOINT\\vendor\\laravel\\framework\\src\\Illuminate\\Container\\BoundMethod.php(31): Illuminate\\Container\\BoundMethod::callBoundMethod(Object(Illuminate\\Foundation\\Application), Array, Object(Closure))
#16 D:\\laragon\\www\\EPOINT\\vendor\\laravel\\framework\\src\\Illuminate\\Container\\Container.php(564): Illuminate\\Container\\BoundMethod::call(Object(Illuminate\\Foundation\\Application), Array, Array, NULL)
#17 D:\\laragon\\www\\EPOINT\\vendor\\laravel\\framework\\src\\Illuminate\\Foundation\\Application.php(794): Illuminate\\Container\\Container->call(Array)
#18 D:\\laragon\\www\\EPOINT\\vendor\\laravel\\framework\\src\\Illuminate\\Foundation\\Application.php(777): Illuminate\\Foundation\\Application->bootProvider(Object(App\\Providers\\RouteServiceProvider))
#19 [internal function]: Illuminate\\Foundation\\Application->Illuminate\\Foundation\\{closure}(Object(App\\Providers\\RouteServiceProvider), 18)
#20 D:\\laragon\\www\\EPOINT\\vendor\\laravel\\framework\\src\\Illuminate\\Foundation\\Application.php(778): array_walk(Array, Object(Closure))
#21 D:\\laragon\\www\\EPOINT\\vendor\\laravel\\framework\\src\\Illuminate\\Foundation\\Bootstrap\\BootProviders.php(17): Illuminate\\Foundation\\Application->boot()
#22 D:\\laragon\\www\\EPOINT\\vendor\\laravel\\framework\\src\\Illuminate\\Foundation\\Application.php(206): Illuminate\\Foundation\\Bootstrap\\BootProviders->bootstrap(Object(Illuminate\\Foundation\\Application))
#23 D:\\laragon\\www\\EPOINT\\vendor\\laravel\\framework\\src\\Illuminate\\Foundation\\Http\\Kernel.php(162): Illuminate\\Foundation\\Application->bootstrapWith(Array)
#24 D:\\laragon\\www\\EPOINT\\vendor\\laravel\\framework\\src\\Illuminate\\Foundation\\Http\\Kernel.php(146): Illuminate\\Foundation\\Http\\Kernel->bootstrap()
#25 D:\\laragon\\www\\EPOINT\\vendor\\laravel\\framework\\src\\Illuminate\\Foundation\\Http\\Kernel.php(116): Illuminate\\Foundation\\Http\\Kernel->sendRequestThroughRouter(Object(Illuminate\\Http\\Request))
#26 D:\\laragon\\www\\EPOINT\\public\\index.php(55): Illuminate\\Foundation\\Http\\Kernel->handle(Object(Illuminate\\Http\\Request))
#27 {main}
"} 
[2019-09-11 10:11:03] local.ERROR: syntax error, unexpected '}', expecting end of file {"exception":"[object] (Symfony\\Component\\Debug\\Exception\\FatalThrowableError(code: 0): syntax error, unexpected '}', expecting end of file at D:\\laragon\\www\\EPOINT\outes\\web.php:23)
[stacktrace]
#0 D:\\laragon\\www\\EPOINT\\vendor\\laravel\\framework\\src\\Illuminate\\Routing\\Router.php(356): Illuminate\\Routing\\Router->loadRoutes('D:\\\\laragon\\\\www\\\\...')
#1 D:\\laragon\\www\\EPOINT\\vendor\\laravel\\framework\\src\\Illuminate\\Routing\\RouteRegistrar.php(120): Illuminate\\Routing\\Router->group(Array, 'D:\\\\laragon\\\\www\\\\...')
#2 D:\\laragon\\www\\EPOINT\\app\\Providers\\RouteServiceProvider.php(56): Illuminate\\Routing\\RouteRegistrar->group('D:\\\\laragon\\\\www\\\\...')
#3 D:\\laragon\\www\\EPOINT\\app\\Providers\\RouteServiceProvider.php(40): App\\Providers\\RouteServiceProvider->mapWebRoutes()
#4 [internal function]: App\\Providers\\RouteServiceProvider->map()
#5 D:\\laragon\\www\\EPOINT\\vendor\\laravel\\framework\\src\\Illuminate\\Container\\BoundMethod.php(29): call_user_func_array(Array, Array)
#6 D:\\laragon\\www\\EPOINT\\vendor\\laravel\\framework\\src\\Illuminate\\Container\\BoundMethod.php(87): Illuminate\\Container\\BoundMethod::Illuminate\\Container\\{closure}()
#7 D:\\laragon\\www\\EPOINT\\vendor\\laravel\\framework\\src\\Illuminate\\Container\\BoundMethod.php(31): Illuminate\\Container\\BoundMethod::callBoundMethod(Object(Illuminate\\Foundation\\Application), Array, Object(Closure))
#8 D:\\laragon\\www\\EPOINT\\vendor\\laravel\\framework\\src\\Illuminate\\Container\\Container.php(564): Illuminate\\Container\\BoundMethod::call(Object(Illuminate\\Foundation\\Application), Array, Array, NULL)
#9 D:\\laragon\\www\\EPOINT\\vendor\\laravel\\framework\\src\\Illuminate\\Foundation\\Support\\Providers\\RouteServiceProvider.php(74): Illuminate\\Container\\Container->call(Array)
#10 D:\\laragon\\www\\EPOINT\\vendor\\laravel\\framework\\src\\Illuminate\\Foundation\\Support\\Providers\\RouteServiceProvider.php(33): Illuminate\\Foundation\\Support\\Providers\\RouteServiceProvider->loadRoutes()
#11 D:\\laragon\\www\\EPOINT\\app\\Providers\\RouteServiceProvider.php(28): Illuminate\\Foundation\\Support\\Providers\\RouteServiceProvider->boot()
#12 [internal function]: App\\Providers\\RouteServiceProvider->boot()
#13 D:\\laragon\\www\\EPOINT\\vendor\\laravel\\framework\\src\\Illuminate\\Container\\BoundMethod.php(29): call_user_func_array(Array, Array)
#14 D:\\laragon\\www\\EPOINT\\vendor\\laravel\\framework\\src\\Illuminate\\Container\\BoundMethod.php(87): Illuminate\\Container\\BoundMethod::Illuminate\\Container\\{closure}()
#15 D:\\laragon\\www\\EPOINT\\vendor\\laravel\\framework\\src\\Illuminate\\Container\\BoundMethod.php(31): Illuminate\\Container\\BoundMethod::callBoundMethod(Object(Illuminate\\Foundation\\Application), Array, Object(Closure))
#16 D:\\laragon\\www\\EPOINT\\vendor\\laravel\\framework\\src\\Illuminate\\Container\\Container.php(564): Illuminate\\Container\\BoundMethod::call(Object(Illuminate\\Foundation\\Application), Array, Array, NULL)
#17 D:\\laragon\\www\\EPOINT\\vendor\\laravel\\framework\\src\\Illuminate\\Foundation\\Application.php(794): Illuminate\\Container\\Container->call(Array)
#18 D:\\laragon\\www\\EPOINT\\vendor\\laravel\\framework\\src\\Illuminate\\Foundation\\Application.php(777): Illuminate\\Foundation\\Application->bootProvider(Object(App\\Providers\\RouteServiceProvider))
#19 [internal function]: Illuminate\\Foundation\\Application->Illuminate\\Foundation\\{closure}(Object(App\\Providers\\RouteServiceProvider), 18)
#20 D:\\laragon\\www\\EPOINT\\vendor\\laravel\\framework\\src\\Illuminate\\Foundation\\Application.php(778): array_walk(Array, Object(Closure))
#21 D:\\laragon\\www\\EPOINT\\vendor\\laravel\\framework\\src\\Illuminate\\Foundation\\Bootstrap\\BootProviders.php(17): Illuminate\\Foundation\\Application->boot()
#22 D:\\laragon\\www\\EPOINT\\vendor\\laravel\\framework\\src\\Illuminate\\Foundation\\Application.php(206): Illuminate\\Foundation\\Bootstrap\\BootProviders->bootstrap(Object(Illuminate\\Foundation\\Application))
#23 D:\\laragon\\www\\EPOINT\\vendor\\laravel\\framework\\src\\Illuminate\\Foundation\\Http\\Kernel.php(162): Illuminate\\Foundation\\Application->bootstrapWith(Array)
#24 D:\\laragon\\www\\EPOINT\\vendor\\laravel\\framework\\src\\Illuminate\\Foundation\\Http\\Kernel.php(146): Illuminate\\Foundation\\Http\\Kernel->bootstrap()
#25 D:\\laragon\\www\\EPOINT\\vendor\\laravel\\framework\\src\\Illuminate\\Foundation\\Http\\Kernel.php(116): Illuminate\\Foundation\\Http\\Kernel->sendRequestThroughRouter(Object(Illuminate\\Http\\Request))
#26 D:\\laragon\\www\\EPOINT\\public\\index.php(55): Illuminate\\Foundation\\Http\\Kernel->handle(Object(Illuminate\\Http\\Request))
#27 {main}
"} 
[2019-09-11 12:35:23] local.ERROR: Method Illuminate\Database\Query\Builder::roles does not exist. {"exception":"[object] (BadMethodCallException(code: 0): Method Illuminate\\Database\\Query\\Builder::roles does not exist. at D:\\laragon\\www\\EPOINT\\vendor\\laravel\\framework\\src\\Illuminate\\Database\\Query\\Builder.php:2816)
[stacktrace]
#0 D:\\laragon\\www\\EPOINT\\vendor\\laravel\\framework\\src\\Illuminate\\Database\\Eloquent\\Builder.php(1286): Illuminate\\Database\\Query\\Builder->__call('roles', Array)
#1 D:\\laragon\\www\\EPOINT\\vendor\\laravel\\framework\\src\\Illuminate\\Database\\Eloquent\\Model.php(1570): Illuminate\\Database\\Eloquent\\Builder->__call('roles', Array)
#2 D:\\laragon\\www\\EPOINT\\database\\seeds\\UserTableSeeder.php(26): Illuminate\\Database\\Eloquent\\Model->__call('roles', Array)
#3 [internal function]: UserTableSeeder->run()
#4 D:\\laragon\\www\\EPOINT\\vendor\\laravel\\framework\\src\\Illuminate\\Container\\BoundMethod.php(29): call_user_func_array(Array, Array)
#5 D:\\laragon\\www\\EPOINT\\vendor\\laravel\\framework\\src\\Illuminate\\Container\\BoundMethod.php(87): Illuminate\\Container\\BoundMethod::Illuminate\\Container\\{closure}()
#6 D:\\laragon\\www\\EPOINT\\vendor\\laravel\\framework\\src\\Illuminate\\Container\\BoundMethod.php(31): Illuminate\\Container\\BoundMethod::callBoundMethod(Object(Illuminate\\Foundation\\Application), Array, Object(Closure))
#7 D:\\laragon\\www\\EPOINT\\vendor\\laravel\\framework\\src\\Illuminate\\Container\\Container.php(564): Illuminate\\Container\\BoundMethod::call(Object(Illuminate\\Foundation\\Application), Array, Array, NULL)
#8 D:\\laragon\\www\\EPOINT\\vendor\\laravel\\framework\\src\\Illuminate\\Database\\Seeder.php(122): Illuminate\\Container\\Container->call(Array)
#9 D:\\laragon\\www\\EPOINT\\vendor\\laravel\\framework\\src\\Illuminate\\Database\\Seeder.php(42): Illuminate\\Database\\Seeder->__invoke()
#10 D:\\laragon\\www\\EPOINT\\database\\seeds\\DatabaseSeeder.php(17): Illuminate\\Database\\Seeder->call('UserTableSeeder')
#11 [internal function]: DatabaseSeeder->run()
#12 D:\\laragon\\www\\EPOINT\\vendor\\laravel\\framework\\src\\Illuminate\\Container\\BoundMethod.php(29): call_user_func_array(Array, Array)
#13 D:\\laragon\\www\\EPOINT\\vendor\\laravel\\framework\\src\\Illuminate\\Container\\BoundMethod.php(87): Illuminate\\Container\\BoundMethod::Illuminate\\Container\\{closure}()
#14 D:\\laragon\\www\\EPOINT\\vendor\\laravel\\framework\\src\\Illuminate\\Container\\BoundMethod.php(31): Illuminate\\Container\\BoundMethod::callBoundMethod(Object(Illuminate\\Foundation\\Application), Array, Object(Closure))
#15 D:\\laragon\\www\\EPOINT\\vendor\\laravel\\framework\\src\\Illuminate\\Container\\Container.php(564): Illuminate\\Container\\BoundMethod::call(Object(Illuminate\\Foundation\\Application), Array, Array, NULL)
#16 D:\\laragon\\www\\EPOINT\\vendor\\laravel\\framework\\src\\Illuminate\\Database\\Seeder.php(122): Illuminate\\Container\\Container->call(Array)
#17 D:\\laragon\\www\\EPOINT\\vendor\\laravel\\framework\\src\\Illuminate\\Database\\Console\\Seeds\\SeedCommand.php(63): Illuminate\\Database\\Seeder->__invoke()
#18 D:\\laragon\\www\\EPOINT\\vendor\\laravel\\framework\\src\\Illuminate\\Database\\Eloquent\\Concerns\\GuardsAttributes.php(122): Illuminate\\Database\\Console\\Seeds\\SeedCommand->Illuminate\\Database\\Console\\Seeds\\{closure}()
#19 D:\\laragon\\www\\EPOINT\\vendor\\laravel\\framework\\src\\Illuminate\\Database\\Console\\Seeds\\SeedCommand.php(64): Illuminate\\Database\\Eloquent\\Model::unguarded(Object(Closure))
#20 [internal function]: Illuminate\\Database\\Console\\Seeds\\SeedCommand->handle()
#21 D:\\laragon\\www\\EPOINT\\vendor\\laravel\\framework\\src\\Illuminate\\Container\\BoundMethod.php(29): call_user_func_array(Array, Array)
#22 D:\\laragon\\www\\EPOINT\\vendor\\laravel\\framework\\src\\Illuminate\\Container\\BoundMethod.php(87): Illuminate\\Container\\BoundMethod::Illuminate\\Container\\{closure}()
#23 D:\\laragon\\www\\EPOINT\\vendor\\laravel\\framework\\src\\Illuminate\\Container\\BoundMethod.php(31): Illuminate\\Container\\BoundMethod::callBoundMethod(Object(Illuminate\\Foundation\\Application), Array, Object(Closure))
#24 D:\\laragon\\www\\EPOINT\\vendor\\laravel\\framework\\src\\Illuminate\\Container\\Container.php(564): Illuminate\\Container\\BoundMethod::call(Object(Illuminate\\Foundation\\Application), Array, Array, NULL)
#25 D:\\laragon\\www\\EPOINT\\vendor\\laravel\\framework\\src\\Illuminate\\Console\\Command.php(184): Illuminate\\Container\\Container->call(Array)
#26 D:\\laragon\\www\\EPOINT\\vendor\\symfony\\console\\Command\\Command.php(251): Illuminate\\Console\\Command->execute(Object(Symfony\\Component\\Console\\Input\\ArrayInput), Object(Illuminate\\Console\\OutputStyle))
#27 D:\\laragon\\www\\EPOINT\\vendor\\laravel\\framework\\src\\Illuminate\\Console\\Command.php(171): Symfony\\Component\\Console\\Command\\Command->run(Object(Symfony\\Component\\Console\\Input\\ArrayInput), Object(Illuminate\\Console\\OutputStyle))
#28 D:\\laragon\\www\\EPOINT\\vendor\\laravel\\framework\\src\\Illuminate\\Console\\Command.php(199): Illuminate\\Console\\Command->run(Object(Symfony\\Component\\Console\\Input\\ArrayInput), Object(Illuminate\\Console\\OutputStyle))
#29 D:\\laragon\\www\\EPOINT\\vendor\\laravel\\framework\\src\\Illuminate\\Database\\Console\\Migrations\\FreshCommand.php(109): Illuminate\\Console\\Command->call('db:seed', Array)
#30 D:\\laragon\\www\\EPOINT\\vendor\\laravel\\framework\\src\\Illuminate\\Database\\Console\\Migrations\\FreshCommand.php(58): Illuminate\\Database\\Console\\Migrations\\FreshCommand->runSeeder(NULL)
#31 [internal function]: Illuminate\\Database\\Console\\Migrations\\FreshCommand->handle()
#32 D:\\laragon\\www\\EPOINT\\vendor\\laravel\\framework\\src\\Illuminate\\Container\\BoundMethod.php(29): call_user_func_array(Array, Array)
#33 D:\\laragon\\www\\EPOINT\\vendor\\laravel\\framework\\src\\Illuminate\\Container\\BoundMethod.php(87): Illuminate\\Container\\BoundMethod::Illuminate\\Container\\{closure}()
#34 D:\\laragon\\www\\EPOINT\\vendor\\laravel\\framework\\src\\Illuminate\\Container\\BoundMethod.php(31): Illuminate\\Container\\BoundMethod::callBoundMethod(Object(Illuminate\\Foundation\\Application), Array, Object(Closure))
#35 D:\\laragon\\www\\EPOINT\\vendor\\laravel\\framework\\src\\Illuminate\\Container\\Container.php(564): Illuminate\\Container\\BoundMethod::call(Object(Illuminate\\Foundation\\Application), Array, Array, NULL)
#36 D:\\laragon\\www\\EPOINT\\vendor\\laravel\\framework\\src\\Illuminate\\Console\\Command.php(184): Illuminate\\Container\\Container->call(Array)
#37 D:\\laragon\\www\\EPOINT\\vendor\\symfony\\console\\Command\\Command.php(251): Illuminate\\Console\\Command->execute(Object(Symfony\\Component\\Console\\Input\\ArgvInput), Object(Illuminate\\Console\\OutputStyle))
#38 D:\\laragon\\www\\EPOINT\\vendor\\laravel\\framework\\src\\Illuminate\\Console\\Command.php(171): Symfony\\Component\\Console\\Command\\Command->run(Object(Symfony\\Component\\Console\\Input\\ArgvInput), Object(Illuminate\\Console\\OutputStyle))
#39 D:\\laragon\\www\\EPOINT\\vendor\\symfony\\console\\Application.php(886): Illuminate\\Console\\Command->run(Object(Symfony\\Component\\Console\\Input\\ArgvInput), Object(Symfony\\Component\\Console\\Output\\ConsoleOutput))
#40 D:\\laragon\\www\\EPOINT\\vendor\\symfony\\console\\Application.php(262): Symfony\\Component\\Console\\Application->doRunCommand(Object(Illuminate\\Database\\Console\\Migrations\\FreshCommand), Object(Symfony\\Component\\Console\\Input\\ArgvInput), Object(Symfony\\Component\\Console\\Output\\ConsoleOutput))
#41 D:\\laragon\\www\\EPOINT\\vendor\\symfony\\console\\Application.php(145): Symfony\\Component\\Console\\Application->doRun(Object(Symfony\\Component\\Console\\Input\\ArgvInput), Object(Symfony\\Component\\Console\\Output\\ConsoleOutput))
#42 D:\\laragon\\www\\EPOINT\\vendor\\laravel\\framework\\src\\Illuminate\\Console\\Application.php(89): Symfony\\Component\\Console\\Application->run(Object(Symfony\\Component\\Console\\Input\\ArgvInput), Object(Symfony\\Component\\Console\\Output\\ConsoleOutput))
#43 D:\\laragon\\www\\EPOINT\\vendor\\laravel\\framework\\src\\Illuminate\\Foundation\\Console\\Kernel.php(122): Illuminate\\Console\\Application->run(Object(Symfony\\Component\\Console\\Input\\ArgvInput), Object(Symfony\\Component\\Console\\Output\\ConsoleOutput))
#44 D:\\laragon\\www\\EPOINT\\artisan(37): Illuminate\\Foundation\\Console\\Kernel->handle(Object(Symfony\\Component\\Console\\Input\\ArgvInput), Object(Symfony\\Component\\Console\\Output\\ConsoleOutput))
#45 {main}
"} 
